<?xml version="1.0" encoding="UTF-8"?>
<testsuite xmlns:xsi="http://www.w3.org/2001/XMLSchema-instance" xsi:noNamespaceSchemaLocation="https://maven.apache.org/surefire/maven-surefire-plugin/xsd/surefire-test-report.xsd" name="testing.Testing" time="0.117" tests="18" errors="0" skipped="0" failures="0">
  <properties>
[...]
</properties>
  <testcase name="properEncryptionStandardScenario2" classname="testing.Testing" time="0.035"/>
  <testcase name="rightGenerationOfKeywordTest{int}[1]" classname="testing.Testing" time="0.021"/>
  <testcase name="rightGenerationOfKeywordTest{int}[2]" classname="testing.Testing" time="0.001"/>
  <testcase name="rightGenerationOfKeywordTest{int}[3]" classname="testing.Testing" time="0"/>
  <testcase name="rightGenerationOfKeywordTest{int}[4]" classname="testing.Testing" time="0.001"/>
  <testcase name="rightGenerationOfKeywordTest{int}[5]" classname="testing.Testing" time="0"/>
  <testcase name="properEncryptionStandardScenario" classname="testing.Testing" time="0.002"/>
  <testcase name="argsHandlerTest" classname="testing.Testing" time="0.001"/>
  <testcase name="keywordAndMessageHandlerShouldThrowException" classname="testing.Testing" time="0.002"/>
  <testcase name="properDecryptionStandardScenario" classname="testing.Testing" time="0"/>
  <testcase name="properDecryptionStandardScenario2" classname="testing.Testing" time="0"/>
  <testcase name="argsHandlerTestOfIllegals{String}[1]" classname="testing.Testing" time="0.001"/>
  <testcase name="argsHandlerTestOfIllegals{String}[2]" classname="testing.Testing" time="0.001"/>
  <testcase name="argsHandlerTestOfIllegals{String}[3]" classname="testing.Testing" time="0"/>
  <testcase name="argsHandlerTestOfIllegals{String}[4]" classname="testing.Testing" time="0.001"/>
  <testcase name="argsHandlerTestOfIllegals{String}[5]" classname="testing.Testing" time="0"/>
  <testcase name="argsHandlerTestOfIllegals{String}[6]" classname="testing.Testing" time="0.001"/>
  <testcase name="argsHandlerTestOfIllegals{String}[7]" classname="testing.Testing" time="0.001"/>
</testsuite>